<?xml version="1.0" encoding="UTF-8"?>
<!-- Generated by org.testng.reporters.JUnitReportReporter -->
<testsuite hostname="admin" failures="0" tests="1" name="com.SauceDemoTestClass.VerifyLogOutFunctionality" time="11.935" errors="0" timestamp="2022-08-05T10:07:35 IST" skipped="0">
  <testcase classname="com.SauceDemoTestClass.VerifyLogOutFunctionality" name="logOutFunctionality" time="11.935"/>
  <system-out/>
</testsuite> <!-- com.SauceDemoTestClass.VerifyLogOutFunctionality -->
